<?xml version="1.0" encoding="UTF-8"?>
<!-- Generated by org.testng.reporters.JUnitReportReporter -->
<testsuite hostname="DESKTOP-402V9A7" failures="0" tests="1" name="tugas.selenium.demoqa.util.amazon.TestFormAmazon" time="25.143" errors="0" timestamp="2022-09-16T22:23:08 WIB" skipped="0">
  <testcase classname="tugas.selenium.demoqa.util.amazon.TestFormAmazon" name="testInputform" time="25.143"/>
  <system-out/>
</testsuite> <!-- tugas.selenium.demoqa.util.amazon.TestFormAmazon -->
