<?xml version="1.0" encoding="UTF-8"?>
<!-- Generated by org.testng.reporters.JUnitReportReporter -->
<testsuite hostname="DESKTOP-402V9A7" failures="0" tests="1" name="tugas.selenium.formy.RadioButton" time="11.049" errors="0" timestamp="2022-09-15T21:02:58 WIB" skipped="0">
  <testcase classname="tugas.selenium.formy.RadioButton" name="testRadioButton" time="11.049"/>
  <system-out/>
</testsuite> <!-- tugas.selenium.formy.RadioButton -->
