<?xml version="1.0" encoding="UTF-8"?>
<!-- Generated by org.testng.reporters.JUnitReportReporter -->
<testsuite hostname="DESKTOP-402V9A7" failures="0" tests="10" name="ujian.ujiankeempat.openweather.ByZipCodeCountryCode" time="3.758" errors="0" timestamp="2022-09-18T03:44:30 WIB" skipped="0">
  <testcase classname="ujian.ujiankeempat.openweather.ByZipCodeCountryCode" name="testGet" time="0.301"/>
  <system-out/>
  <testcase classname="ujian.ujiankeempat.openweather.ByZipCodeCountryCode" name="testGet" time="0.248"/>
  <system-out/>
  <testcase classname="ujian.ujiankeempat.openweather.ByZipCodeCountryCode" name="testGet" time="0.299"/>
  <system-out/>
  <testcase classname="ujian.ujiankeempat.openweather.ByZipCodeCountryCode" name="testGet" time="1.298"/>
  <system-out/>
  <testcase classname="ujian.ujiankeempat.openweather.ByZipCodeCountryCode" name="testGet" time="0.366"/>
  <system-out/>
  <testcase classname="ujian.ujiankeempat.openweather.ByZipCodeCountryCode" name="testGet" time="0.259"/>
  <system-out/>
  <testcase classname="ujian.ujiankeempat.openweather.ByZipCodeCountryCode" name="testGet" time="0.248"/>
  <system-out/>
  <testcase classname="ujian.ujiankeempat.openweather.ByZipCodeCountryCode" name="testGet" time="0.250"/>
  <system-out/>
  <testcase classname="ujian.ujiankeempat.openweather.ByZipCodeCountryCode" name="testGet" time="0.242"/>
  <system-out/>
  <testcase classname="ujian.ujiankeempat.openweather.ByZipCodeCountryCode" name="testGet" time="0.247"/>
  <system-out/>
</testsuite> <!-- ujian.ujiankeempat.openweather.ByZipCodeCountryCode -->
