<?xml version="1.0" encoding="UTF-8"?>
<!-- Generated by org.testng.reporters.JUnitReportReporter -->
<testsuite hostname="DESKTOP-402V9A7" failures="0" tests="1" name="ujian.ujiankelima.selenium.CartPageTest" time="45.905" errors="0" timestamp="2022-09-24T11:04:16 WIB" skipped="0">
  <testcase classname="ujian.ujiankelima.selenium.CartPageTest" name="testCart" time="45.905"/>
  <system-out/>
</testsuite> <!-- ujian.ujiankelima.selenium.CartPageTest -->
