<?xml version="1.0" encoding="UTF-8"?>
<!-- Generated by org.testng.reporters.JUnitReportReporter -->
<testsuite hostname="DESKTOP-402V9A7" failures="0" tests="10" name="ujian.ujiankeempat.openweather.ByCityNameStateCode" time="3.573" errors="0" timestamp="2022-09-18T03:43:18 WIB" skipped="0">
  <testcase classname="ujian.ujiankeempat.openweather.ByCityNameStateCode" name="testGet" time="0.250"/>
  <system-out/>
  <testcase classname="ujian.ujiankeempat.openweather.ByCityNameStateCode" name="testGet" time="0.257"/>
  <system-out/>
  <testcase classname="ujian.ujiankeempat.openweather.ByCityNameStateCode" name="testGet" time="1.286"/>
  <system-out/>
  <testcase classname="ujian.ujiankeempat.openweather.ByCityNameStateCode" name="testGet" time="0.253"/>
  <system-out/>
  <testcase classname="ujian.ujiankeempat.openweather.ByCityNameStateCode" name="testGet" time="0.260"/>
  <system-out/>
  <testcase classname="ujian.ujiankeempat.openweather.ByCityNameStateCode" name="testGet" time="0.276"/>
  <system-out/>
  <testcase classname="ujian.ujiankeempat.openweather.ByCityNameStateCode" name="testGet" time="0.245"/>
  <system-out/>
  <testcase classname="ujian.ujiankeempat.openweather.ByCityNameStateCode" name="testGet" time="0.274"/>
  <system-out/>
  <testcase classname="ujian.ujiankeempat.openweather.ByCityNameStateCode" name="testGet" time="0.246"/>
  <system-out/>
  <testcase classname="ujian.ujiankeempat.openweather.ByCityNameStateCode" name="testGet" time="0.226"/>
  <system-out/>
</testsuite> <!-- ujian.ujiankeempat.openweather.ByCityNameStateCode -->
