<?xml version="1.0" encoding="UTF-8"?>
<!-- Generated by org.testng.reporters.JUnitReportReporter -->
<testsuite hostname="DESKTOP-402V9A7" failures="0" tests="4" name="ujian.ujiankedua.UjianKedua.TestMatematika" time="0.012" errors="0" timestamp="2022-09-07T17:39:15 WIB" skipped="0">
  <testcase classname="ujian.ujiankedua.UjianKedua.TestMatematika" name="testTambahNilai" time="0.008"/>
  <system-out/>
  <testcase classname="ujian.ujiankedua.UjianKedua.TestMatematika" name="testKurangNilai" time="0.001"/>
  <system-out/>
  <testcase classname="ujian.ujiankedua.UjianKedua.TestMatematika" name="testBagiNilai" time="0.002"/>
  <system-out/>
  <testcase classname="ujian.ujiankedua.UjianKedua.TestMatematika" name="testModulusNilai" time="0.001"/>
  <system-out/>
</testsuite> <!-- ujian.ujiankedua.UjianKedua.TestMatematika -->
