<?xml version="1.0" encoding="UTF-8"?>
<!-- Generated by org.testng.reporters.JUnitReportReporter -->
<testsuite hostname="DESKTOP-402V9A7" failures="0" tests="1" name="tugas.selenium.formy.DatePicker" time="17.899" errors="0" timestamp="2022-09-15T20:48:49 WIB" skipped="0">
  <testcase classname="tugas.selenium.formy.DatePicker" name="testDatePicker" time="17.899"/>
  <system-out/>
</testsuite> <!-- tugas.selenium.formy.DatePicker -->
