<?xml version="1.0" encoding="UTF-8"?>
<!-- Generated by org.testng.reporters.JUnitReportReporter -->
<testsuite hostname="DESKTOP-402V9A7" failures="0" tests="1" name="ujian.ujiankelima.selenium.AddToCardTest" time="34.213" errors="0" timestamp="2022-09-24T18:04:24 WIB" skipped="0">
  <testcase classname="ujian.ujiankelima.selenium.AddToCardTest" name="testKlik" time="34.213"/>
  <system-out/>
</testsuite> <!-- ujian.ujiankelima.selenium.AddToCardTest -->
