<?xml version="1.0" encoding="UTF-8"?>
<!-- Generated by org.testng.reporters.JUnitReportReporter -->
<testsuite hostname="DESKTOP-402V9A7" failures="0" tests="1" name="tugas.selenium.demoqa.util.demoqa.TestPracticeForm" time="32.520" errors="0" timestamp="2022-09-17T17:21:53 WIB" skipped="0">
  <testcase classname="tugas.selenium.demoqa.util.demoqa.TestPracticeForm" name="testValidLogin" time="32.520"/>
  <system-out/>
</testsuite> <!-- tugas.selenium.demoqa.util.demoqa.TestPracticeForm -->
