<?xml version="1.0" encoding="UTF-8"?>
<!-- Generated by org.testng.reporters.JUnitReportReporter -->
<testsuite hostname="DESKTOP-402V9A7" failures="0" tests="2" name="latihan.cucumber.runner.LoginRunner" time="20.791" errors="0" timestamp="2022-09-22T21:22:53 WIB" skipped="0">
  <testcase classname="latihan.cucumber.runner.LoginRunner" name="runScenario" time="2.331"/>
  <system-out/>
  <testcase classname="latihan.cucumber.runner.LoginRunner" name="runScenario" time="18.460"/>
  <system-out/>
</testsuite> <!-- latihan.cucumber.runner.LoginRunner -->
