<?xml version="1.0" encoding="UTF-8"?>
<!-- Generated by org.testng.reporters.JUnitReportReporter -->
<testsuite hostname="DESKTOP-402V9A7" failures="0" tests="1" name="ujian.ujiankelima.testng.TestStringNumeric" time="0.013" errors="0" timestamp="2022-09-24T13:02:43 WIB" skipped="0">
  <testcase classname="ujian.ujiankelima.testng.TestStringNumeric" name="testParseOne" time="0.013"/>
  <system-out/>
</testsuite> <!-- ujian.ujiankelima.testng.TestStringNumeric -->
