<?xml version="1.0" encoding="UTF-8"?>
<!-- Generated by org.testng.reporters.JUnitReportReporter -->
<testsuite hostname="DESKTOP-402V9A7" failures="0" tests="3" name="latihan.pagefactoryobject.util.TestLogin" time="63.846" errors="0" timestamp="2022-09-15T21:34:25 WIB" skipped="0">
  <testcase classname="latihan.pagefactoryobject.util.TestLogin" name="testInvalidLoginEmptyField" time="25.295"/>
  <system-out/>
  <testcase classname="latihan.pagefactoryobject.util.TestLogin" name="testValidLogin" time="12.913"/>
  <system-out/>
  <testcase classname="latihan.pagefactoryobject.util.TestLogin" name="testValidLoginUppercaseUsername" time="25.638"/>
  <system-out/>
</testsuite> <!-- latihan.pagefactoryobject.util.TestLogin -->
