<?xml version="1.0" encoding="UTF-8"?>
<!-- Generated by org.testng.reporters.JUnitReportReporter -->
<testsuite hostname="DESKTOP-402V9A7" failures="0" tests="1" name="ujian.ujiankeempat.nopcommerce.TestLogin" time="39.384" errors="0" timestamp="2022-09-18T10:30:16 WIB" skipped="0">
  <testcase classname="ujian.ujiankeempat.nopcommerce.TestLogin" name="testElement" time="39.384"/>
  <system-out/>
</testsuite> <!-- ujian.ujiankeempat.nopcommerce.TestLogin -->
