<?xml version="1.0" encoding="UTF-8"?>
<!-- Generated by org.testng.reporters.JUnitReportReporter -->
<testsuite hostname="DESKTOP-402V9A7" failures="0" tests="6" name="ujian.ujiankeempat.util.TestLogin" time="92.187" errors="0" timestamp="2022-09-17T22:37:12 WIB" skipped="0">
  <testcase classname="ujian.ujiankeempat.util.TestLogin" name="testValidLogin" time="13.056"/>
  <system-out/>
  <testcase classname="ujian.ujiankeempat.util.TestLogin" name="testValidLoginClear" time="14.129"/>
  <system-out/>
  <testcase classname="ujian.ujiankeempat.util.TestLogin" name="testInvalidLoginEmptyField" time="11.935"/>
  <system-out/>
  <testcase classname="ujian.ujiankeempat.util.TestLogin" name="testInvalidLogin" time="12.143"/>
  <system-out/>
  <testcase classname="ujian.ujiankeempat.util.TestLogin" name="testInvalidLoginNoCust" time="13.203"/>
  <system-out/>
  <testcase classname="ujian.ujiankeempat.util.TestLogin" name="testElement" time="27.721"/>
  <system-out/>
</testsuite> <!-- ujian.ujiankeempat.util.TestLogin -->
