<?xml version="1.0" encoding="UTF-8"?>
<!-- Generated by org.testng.reporters.JUnitReportReporter -->
<testsuite hostname="DESKTOP-402V9A7" failures="0" tests="1" name="ujian.ujiankelima.selenium.SearchShopTest" time="33.954" errors="0" timestamp="2022-09-24T17:01:24 WIB" skipped="0">
  <testcase classname="ujian.ujiankelima.selenium.SearchShopTest" name="testKlik" time="33.954"/>
  <system-out/>
</testsuite> <!-- ujian.ujiankelima.selenium.SearchShopTest -->
