<?xml version="1.0" encoding="UTF-8"?>
<!-- Generated by org.testng.reporters.JUnitReportReporter -->
<testsuite hostname="DESKTOP-402V9A7" failures="0" tests="1" name="tugas.selenium.formy.DragandDrop" time="4.553" errors="0" timestamp="2022-09-15T10:10:10 WIB" skipped="0">
  <testcase classname="tugas.selenium.formy.DragandDrop" name="testDragandDrop" time="4.553"/>
  <system-out/>
</testsuite> <!-- tugas.selenium.formy.DragandDrop -->
