<?xml version="1.0" encoding="UTF-8"?>
<!-- Generated by org.testng.reporters.JUnitReportReporter -->
<testsuite hostname="DESKTOP-402V9A7" failures="0" tests="1" name="ujian.ujiankedua.UjianKedua.TestStringNumeric" time="0.013" errors="0" timestamp="2022-09-07T17:38:35 WIB" skipped="0">
  <testcase classname="ujian.ujiankedua.UjianKedua.TestStringNumeric" name="testParseOne" time="0.013"/>
  <system-out/>
</testsuite> <!-- ujian.ujiankedua.UjianKedua.TestStringNumeric -->
