<?xml version="1.0" encoding="UTF-8"?>
<!-- Generated by org.testng.reporters.JUnitReportReporter -->
<testsuite hostname="DESKTOP-402V9A7" failures="0" tests="1" name="tugas.selenium.formy.DragDrop" time="23.543" errors="0" timestamp="2022-09-15T20:51:35 WIB" skipped="0">
  <testcase classname="tugas.selenium.formy.DragDrop" name="testDragDrop" time="23.543"/>
  <system-out/>
</testsuite> <!-- tugas.selenium.formy.DragDrop -->
