<?xml version="1.0" encoding="UTF-8"?>
<!-- Generated by org.testng.reporters.JUnitReportReporter -->
<testsuite hostname="DESKTOP-402V9A7" failures="0" tests="10" name="ujian.ujiankeempat.openweather.ByLatLon" time="4.195" errors="0" timestamp="2022-09-18T06:23:36 WIB" skipped="0">
  <testcase classname="ujian.ujiankeempat.openweather.ByLatLon" name="testGet" time="0.242"/>
  <system-out/>
  <testcase classname="ujian.ujiankeempat.openweather.ByLatLon" name="testGet" time="0.285"/>
  <system-out/>
  <testcase classname="ujian.ujiankeempat.openweather.ByLatLon" name="testGet" time="0.283"/>
  <system-out/>
  <testcase classname="ujian.ujiankeempat.openweather.ByLatLon" name="testGet" time="0.253"/>
  <system-out/>
  <testcase classname="ujian.ujiankeempat.openweather.ByLatLon" name="testGet" time="0.247"/>
  <system-out/>
  <testcase classname="ujian.ujiankeempat.openweather.ByLatLon" name="testGet" time="1.732"/>
  <system-out/>
  <testcase classname="ujian.ujiankeempat.openweather.ByLatLon" name="testGet" time="0.235"/>
  <system-out/>
  <testcase classname="ujian.ujiankeempat.openweather.ByLatLon" name="testGet" time="0.251"/>
  <system-out/>
  <testcase classname="ujian.ujiankeempat.openweather.ByLatLon" name="testGet" time="0.320"/>
  <system-out/>
  <testcase classname="ujian.ujiankeempat.openweather.ByLatLon" name="testGet" time="0.347"/>
  <system-out/>
</testsuite> <!-- ujian.ujiankeempat.openweather.ByLatLon -->
