<?xml version="1.0" encoding="UTF-8"?>
<!-- Generated by org.testng.reporters.JUnitReportReporter -->
<testsuite hostname="DESKTOP-402V9A7" failures="0" tests="10" name="ujian.ujiankeempat.openweather.ByCityName" time="3.644" errors="0" timestamp="2022-09-18T03:42:32 WIB" skipped="0">
  <testcase classname="ujian.ujiankeempat.openweather.ByCityName" name="testGet" time="0.259"/>
  <system-out/>
  <testcase classname="ujian.ujiankeempat.openweather.ByCityName" name="testGet" time="0.259"/>
  <system-out/>
  <testcase classname="ujian.ujiankeempat.openweather.ByCityName" name="testGet" time="0.243"/>
  <system-out/>
  <testcase classname="ujian.ujiankeempat.openweather.ByCityName" name="testGet" time="0.253"/>
  <system-out/>
  <testcase classname="ujian.ujiankeempat.openweather.ByCityName" name="testGet" time="0.235"/>
  <system-out/>
  <testcase classname="ujian.ujiankeempat.openweather.ByCityName" name="testGet" time="1.286"/>
  <system-out/>
  <testcase classname="ujian.ujiankeempat.openweather.ByCityName" name="testGet" time="0.302"/>
  <system-out/>
  <testcase classname="ujian.ujiankeempat.openweather.ByCityName" name="testGet" time="0.249"/>
  <system-out/>
  <testcase classname="ujian.ujiankeempat.openweather.ByCityName" name="testGet" time="0.238"/>
  <system-out/>
  <testcase classname="ujian.ujiankeempat.openweather.ByCityName" name="testGet" time="0.320"/>
  <system-out/>
</testsuite> <!-- ujian.ujiankeempat.openweather.ByCityName -->
