<?xml version="1.0" encoding="UTF-8"?>
<!-- Generated by org.testng.reporters.JUnitReportReporter -->
<testsuite hostname="DESKTOP-402V9A7" failures="0" tests="1" name="latihan.pagefactoryobject.util.TestLogin" time="33.119" errors="0" timestamp="2022-09-20T23:03:56 WIB" skipped="0">
  <testcase classname="latihan.pagefactoryobject.util.TestLogin" name="testValidLogin" time="33.119"/>
  <system-out/>
</testsuite> <!-- latihan.pagefactoryobject.util.TestLogin -->
