<?xml version="1.0" encoding="UTF-8"?>
<!-- Generated by org.testng.reporters.JUnitReportReporter -->
<testsuite hostname="DESKTOP-402V9A7" failures="0" tests="1" name="tugas.selenium.formy.PageScroll" time="17.164" errors="0" timestamp="2022-09-15T21:01:58 WIB" skipped="0">
  <testcase classname="tugas.selenium.formy.PageScroll" name="testPageScroll" time="17.164"/>
  <system-out/>
</testsuite> <!-- tugas.selenium.formy.PageScroll -->
