<?xml version="1.0" encoding="UTF-8"?>
<!-- Generated by org.testng.reporters.JUnitReportReporter -->
<testsuite hostname="DESKTOP-402V9A7" failures="0" tests="1" name="tugas.selenium.formy.KeyMouse" time="4.800" errors="0" timestamp="2022-09-15T20:58:02 WIB" skipped="0">
  <testcase classname="tugas.selenium.formy.KeyMouse" name="testKeyMouse" time="4.800"/>
  <system-out/>
</testsuite> <!-- tugas.selenium.formy.KeyMouse -->
