<?xml version="1.0" encoding="UTF-8"?>
<!-- Generated by org.testng.reporters.JUnitReportReporter -->
<testsuite hostname="DESKTOP-402V9A7" failures="0" tests="1" name="tugas.selenium.formy.CheckBox" time="12.643" errors="0" timestamp="2022-09-15T20:43:32 WIB" skipped="0">
  <testcase classname="tugas.selenium.formy.CheckBox" name="testCheckBox" time="12.643"/>
  <system-out/>
</testsuite> <!-- tugas.selenium.formy.CheckBox -->
