<?xml version="1.0" encoding="UTF-8"?>
<!-- Generated by org.testng.reporters.JUnitReportReporter -->
<testsuite hostname="DESKTOP-402V9A7" failures="0" tests="7" name="ujian.ujiankeempat.nopcommerce.TestLogin" time="126.793" errors="0" timestamp="2022-09-18T03:33:31 WIB" skipped="0">
  <testcase classname="ujian.ujiankeempat.nopcommerce.TestLogin" name="testValidLogin" time="14.868"/>
  <system-out/>
  <testcase classname="ujian.ujiankeempat.nopcommerce.TestLogin" name="testValidLoginClear" time="16.219"/>
  <system-out/>
  <testcase classname="ujian.ujiankeempat.nopcommerce.TestLogin" name="testInvalidLoginEmptyField" time="10.728"/>
  <system-out/>
  <testcase classname="ujian.ujiankeempat.nopcommerce.TestLogin" name="testInvalidLogin" time="11.909"/>
  <system-out/>
  <testcase classname="ujian.ujiankeempat.nopcommerce.TestLogin" name="testInvalidLoginNoCust" time="12.180"/>
  <system-out/>
  <testcase classname="ujian.ujiankeempat.nopcommerce.TestLogin" name="testElementLogout" time="27.223"/>
  <system-out/>
  <testcase classname="ujian.ujiankeempat.nopcommerce.TestLogin" name="testElement" time="33.666"/>
  <system-out/>
</testsuite> <!-- ujian.ujiankeempat.nopcommerce.TestLogin -->
