<?xml version="1.0" encoding="UTF-8"?>
<!-- Generated by org.testng.reporters.JUnitReportReporter -->
<testsuite hostname="DESKTOP-402V9A7" failures="0" tests="3" name="ujian.ujiankedua.UjianKedua.TestGeometri" time="0.005" errors="0" timestamp="2022-09-07T17:39:15 WIB" skipped="0">
  <testcase classname="ujian.ujiankedua.UjianKedua.TestGeometri" name="testLuasPersegi" time="0.001"/>
  <system-out/>
  <testcase classname="ujian.ujiankedua.UjianKedua.TestGeometri" name="testLuasSegitiga" time="0.002"/>
  <system-out/>
  <testcase classname="ujian.ujiankedua.UjianKedua.TestGeometri" name="testLuasTrapesium" time="0.002"/>
  <system-out/>
</testsuite> <!-- ujian.ujiankedua.UjianKedua.TestGeometri -->
