<?xml version="1.0" encoding="UTF-8"?>
<!-- Generated by org.testng.reporters.JUnitReportReporter -->
<testsuite hostname="DESKTOP-402V9A7" failures="0" tests="1" name="ujian.ujiankelima.selenium.MyAccTest" time="31.424" errors="0" timestamp="2022-09-24T16:55:21 WIB" skipped="0">
  <testcase classname="ujian.ujiankelima.selenium.MyAccTest" name="testRemember" time="31.424"/>
  <system-out/>
</testsuite> <!-- ujian.ujiankelima.selenium.MyAccTest -->
