<?xml version="1.0" encoding="UTF-8"?>
<!-- Generated by org.testng.reporters.JUnitReportReporter -->
<testsuite hostname="DESKTOP-402V9A7" failures="0" tests="1" name="tugas.selenium.formy.SwitchWindow" time="19.831" errors="0" timestamp="2022-09-15T21:10:29 WIB" skipped="0">
  <testcase classname="tugas.selenium.formy.SwitchWindow" name="testSwitchWindow" time="19.831"/>
  <system-out/>
</testsuite> <!-- tugas.selenium.formy.SwitchWindow -->
