<?xml version="1.0" encoding="UTF-8"?>
<!-- Generated by org.testng.reporters.JUnitReportReporter -->
<testsuite hostname="DESKTOP-402V9A7" failures="0" tests="1" name="tugas.selenium.formy.DropDown" time="8.939" errors="0" timestamp="2022-09-15T20:53:10 WIB" skipped="0">
  <testcase classname="tugas.selenium.formy.DropDown" name="testDropDown" time="8.939"/>
  <system-out/>
</testsuite> <!-- tugas.selenium.formy.DropDown -->
