<?xml version="1.0" encoding="UTF-8"?>
<!-- Generated by org.testng.reporters.JUnitReportReporter -->
<testsuite hostname="DESKTOP-402V9A7" failures="0" tests="1" name="tugas.selenium.formy.Autocomplete" time="14.598" errors="0" timestamp="2022-09-15T20:36:34 WIB" skipped="0">
  <testcase classname="tugas.selenium.formy.Autocomplete" name="testAutocomplete" time="14.598"/>
  <system-out/>
</testsuite> <!-- tugas.selenium.formy.Autocomplete -->
