<?xml version="1.0" encoding="UTF-8"?>
<!-- Generated by org.testng.reporters.JUnitReportReporter -->
<testsuite hostname="DESKTOP-402V9A7" failures="0" tests="10" name="ujian.ujiankeempat.openweather.ByCityNameCountryCode" time="5.091" errors="0" timestamp="2022-09-18T03:42:49 WIB" skipped="0">
  <testcase classname="ujian.ujiankeempat.openweather.ByCityNameCountryCode" name="testGet" time="0.259"/>
  <system-out/>
  <testcase classname="ujian.ujiankeempat.openweather.ByCityNameCountryCode" name="testGet" time="0.248"/>
  <system-out/>
  <testcase classname="ujian.ujiankeempat.openweather.ByCityNameCountryCode" name="testGet" time="1.632"/>
  <system-out/>
  <testcase classname="ujian.ujiankeempat.openweather.ByCityNameCountryCode" name="testGet" time="0.267"/>
  <system-out/>
  <testcase classname="ujian.ujiankeempat.openweather.ByCityNameCountryCode" name="testGet" time="0.326"/>
  <system-out/>
  <testcase classname="ujian.ujiankeempat.openweather.ByCityNameCountryCode" name="testGet" time="1.278"/>
  <system-out/>
  <testcase classname="ujian.ujiankeempat.openweather.ByCityNameCountryCode" name="testGet" time="0.325"/>
  <system-out/>
  <testcase classname="ujian.ujiankeempat.openweather.ByCityNameCountryCode" name="testGet" time="0.241"/>
  <system-out/>
  <testcase classname="ujian.ujiankeempat.openweather.ByCityNameCountryCode" name="testGet" time="0.252"/>
  <system-out/>
  <testcase classname="ujian.ujiankeempat.openweather.ByCityNameCountryCode" name="testGet" time="0.263"/>
  <system-out/>
</testsuite> <!-- ujian.ujiankeempat.openweather.ByCityNameCountryCode -->
