<?xml version="1.0" encoding="UTF-8"?>
<!-- Generated by org.testng.reporters.JUnitReportReporter -->
<testsuite hostname="DESKTOP-402V9A7" failures="0" tests="10" name="ujian.ujiankeempat.openweather.ByLatLon" time="4.455" errors="0" timestamp="2022-09-18T03:43:54 WIB" skipped="0">
  <testcase classname="ujian.ujiankeempat.openweather.ByLatLon" name="testGet" time="0.529"/>
  <system-out/>
  <testcase classname="ujian.ujiankeempat.openweather.ByLatLon" name="testGet" time="0.298"/>
  <system-out/>
  <testcase classname="ujian.ujiankeempat.openweather.ByLatLon" name="testGet" time="1.274"/>
  <system-out/>
  <testcase classname="ujian.ujiankeempat.openweather.ByLatLon" name="testGet" time="0.260"/>
  <system-out/>
  <testcase classname="ujian.ujiankeempat.openweather.ByLatLon" name="testGet" time="0.483"/>
  <system-out/>
  <testcase classname="ujian.ujiankeempat.openweather.ByLatLon" name="testGet" time="0.339"/>
  <system-out/>
  <testcase classname="ujian.ujiankeempat.openweather.ByLatLon" name="testGet" time="0.231"/>
  <system-out/>
  <testcase classname="ujian.ujiankeempat.openweather.ByLatLon" name="testGet" time="0.386"/>
  <system-out/>
  <testcase classname="ujian.ujiankeempat.openweather.ByLatLon" name="testGet" time="0.262"/>
  <system-out/>
  <testcase classname="ujian.ujiankeempat.openweather.ByLatLon" name="testGet" time="0.393"/>
  <system-out/>
</testsuite> <!-- ujian.ujiankeempat.openweather.ByLatLon -->
