<?xml version="1.0" encoding="UTF-8"?>
<!-- Generated by org.testng.reporters.JUnitReportReporter -->
<testsuite hostname="DESKTOP-402V9A7" failures="0" tests="1" name="tugas.selenium.formy.CompleteWebForm" time="34.103" errors="0" timestamp="2022-09-15T20:47:49 WIB" skipped="0">
  <testcase classname="tugas.selenium.formy.CompleteWebForm" name="testCompleteWebForm" time="34.103"/>
  <system-out/>
</testsuite> <!-- tugas.selenium.formy.CompleteWebForm -->
